running egg_info
creating build/tank_sim/tank_sim.egg-info
writing build/tank_sim/tank_sim.egg-info/PKG-INFO
writing dependency_links to build/tank_sim/tank_sim.egg-info/dependency_links.txt
writing entry points to build/tank_sim/tank_sim.egg-info/entry_points.txt
writing requirements to build/tank_sim/tank_sim.egg-info/requires.txt
writing top-level names to build/tank_sim/tank_sim.egg-info/top_level.txt
writing manifest file 'build/tank_sim/tank_sim.egg-info/SOURCES.txt'
reading manifest file 'build/tank_sim/tank_sim.egg-info/SOURCES.txt'
writing manifest file 'build/tank_sim/tank_sim.egg-info/SOURCES.txt'
running build
running build_py
creating /home/vivian/ros2_ws/src/tank_sim/build/tank_sim/build
creating /home/vivian/ros2_ws/src/tank_sim/build/tank_sim/build/lib
creating /home/vivian/ros2_ws/src/tank_sim/build/tank_sim/build/lib/tank_sim
copying tank_sim/tf_to_gazebo.py -> /home/vivian/ros2_ws/src/tank_sim/build/tank_sim/build/lib/tank_sim
copying tank_sim/__init__.py -> /home/vivian/ros2_ws/src/tank_sim/build/tank_sim/build/lib/tank_sim
running install
running install_lib
creating /home/vivian/ros2_ws/src/tank_sim/install/tank_sim/lib/python3.12/site-packages/tank_sim
copying /home/vivian/ros2_ws/src/tank_sim/build/tank_sim/build/lib/tank_sim/tf_to_gazebo.py -> /home/vivian/ros2_ws/src/tank_sim/install/tank_sim/lib/python3.12/site-packages/tank_sim
copying /home/vivian/ros2_ws/src/tank_sim/build/tank_sim/build/lib/tank_sim/__init__.py -> /home/vivian/ros2_ws/src/tank_sim/install/tank_sim/lib/python3.12/site-packages/tank_sim
byte-compiling /home/vivian/ros2_ws/src/tank_sim/install/tank_sim/lib/python3.12/site-packages/tank_sim/tf_to_gazebo.py to tf_to_gazebo.cpython-312.pyc
byte-compiling /home/vivian/ros2_ws/src/tank_sim/install/tank_sim/lib/python3.12/site-packages/tank_sim/__init__.py to __init__.cpython-312.pyc
running install_egg_info
Copying build/tank_sim/tank_sim.egg-info to /home/vivian/ros2_ws/src/tank_sim/install/tank_sim/lib/python3.12/site-packages/tank_sim-0.0.1-py3.12.egg-info
running install_scripts
Installing tf_to_gazebo script to /home/vivian/ros2_ws/src/tank_sim/install/tank_sim/lib/tank_sim
writing list of installed files to '/home/vivian/ros2_ws/src/tank_sim/build/tank_sim/install.log'
