[0.783s] Invoking command in '/home/vivian/ros2_ws/src/tank_sim': DEBUGINFOD_URLS=https://debuginfod.ubuntu.com PYTHONPATH=/home/vivian/ros2_ws/src/tank_sim/build/tank_sim/prefix_override:/usr/lib/python3/dist-packages/colcon_core/task/python/colcon_distutils_commands:/home/vivian/ros2_ws/src/tank_sim/install/tank_sim/lib/python3.12/site-packages:${PYTHONPATH} /usr/bin/python3 -W ignore:setup.py install is deprecated -W ignore:easy_install command is deprecated setup.py egg_info --egg-base build/tank_sim build --build-base /home/vivian/ros2_ws/src/tank_sim/build/tank_sim/build install --record /home/vivian/ros2_ws/src/tank_sim/build/tank_sim/install.log --single-version-externally-managed
[1.044s] running egg_info
[1.044s] creating build/tank_sim/tank_sim.egg-info
[1.061s] writing build/tank_sim/tank_sim.egg-info/PKG-INFO
[1.062s] writing dependency_links to build/tank_sim/tank_sim.egg-info/dependency_links.txt
[1.062s] writing entry points to build/tank_sim/tank_sim.egg-info/entry_points.txt
[1.062s] writing requirements to build/tank_sim/tank_sim.egg-info/requires.txt
[1.062s] writing top-level names to build/tank_sim/tank_sim.egg-info/top_level.txt
[1.062s] writing manifest file 'build/tank_sim/tank_sim.egg-info/SOURCES.txt'
[1.099s] reading manifest file 'build/tank_sim/tank_sim.egg-info/SOURCES.txt'
[1.100s] writing manifest file 'build/tank_sim/tank_sim.egg-info/SOURCES.txt'
[1.100s] running build
[1.100s] running build_py
[1.100s] creating /home/vivian/ros2_ws/src/tank_sim/build/tank_sim/build
[1.101s] creating /home/vivian/ros2_ws/src/tank_sim/build/tank_sim/build/lib
[1.101s] creating /home/vivian/ros2_ws/src/tank_sim/build/tank_sim/build/lib/tank_sim
[1.101s] copying tank_sim/tf_to_gazebo.py -> /home/vivian/ros2_ws/src/tank_sim/build/tank_sim/build/lib/tank_sim
[1.101s] copying tank_sim/__init__.py -> /home/vivian/ros2_ws/src/tank_sim/build/tank_sim/build/lib/tank_sim
[1.101s] running install
[1.107s] running install_lib
[1.126s] creating /home/vivian/ros2_ws/src/tank_sim/install/tank_sim/lib/python3.12/site-packages/tank_sim
[1.127s] copying /home/vivian/ros2_ws/src/tank_sim/build/tank_sim/build/lib/tank_sim/tf_to_gazebo.py -> /home/vivian/ros2_ws/src/tank_sim/install/tank_sim/lib/python3.12/site-packages/tank_sim
[1.127s] copying /home/vivian/ros2_ws/src/tank_sim/build/tank_sim/build/lib/tank_sim/__init__.py -> /home/vivian/ros2_ws/src/tank_sim/install/tank_sim/lib/python3.12/site-packages/tank_sim
[1.127s] byte-compiling /home/vivian/ros2_ws/src/tank_sim/install/tank_sim/lib/python3.12/site-packages/tank_sim/tf_to_gazebo.py to tf_to_gazebo.cpython-312.pyc
[1.128s] byte-compiling /home/vivian/ros2_ws/src/tank_sim/install/tank_sim/lib/python3.12/site-packages/tank_sim/__init__.py to __init__.cpython-312.pyc
[1.128s] running install_egg_info
[1.150s] Copying build/tank_sim/tank_sim.egg-info to /home/vivian/ros2_ws/src/tank_sim/install/tank_sim/lib/python3.12/site-packages/tank_sim-0.0.1-py3.12.egg-info
[1.151s] running install_scripts
[1.290s] Installing tf_to_gazebo script to /home/vivian/ros2_ws/src/tank_sim/install/tank_sim/lib/tank_sim
[1.291s] writing list of installed files to '/home/vivian/ros2_ws/src/tank_sim/build/tank_sim/install.log'
[1.322s] Invoked command in '/home/vivian/ros2_ws/src/tank_sim' returned '0': DEBUGINFOD_URLS=https://debuginfod.ubuntu.com PYTHONPATH=/home/vivian/ros2_ws/src/tank_sim/build/tank_sim/prefix_override:/usr/lib/python3/dist-packages/colcon_core/task/python/colcon_distutils_commands:/home/vivian/ros2_ws/src/tank_sim/install/tank_sim/lib/python3.12/site-packages:${PYTHONPATH} /usr/bin/python3 -W ignore:setup.py install is deprecated -W ignore:easy_install command is deprecated setup.py egg_info --egg-base build/tank_sim build --build-base /home/vivian/ros2_ws/src/tank_sim/build/tank_sim/build install --record /home/vivian/ros2_ws/src/tank_sim/build/tank_sim/install.log --single-version-externally-managed
